{"D:\\vendor-api\\src\\server.js": {"path":"D:\\vendor-api\\src\\server.js","statementMap":{"0":{"start":{"line":1,"column":16},"end":{"line":1,"column":34}},"1":{"start":{"line":2,"column":13},"end":{"line":2,"column":28}},"2":{"start":{"line":3,"column":15},"end":{"line":3,"column":32}},"3":{"start":{"line":6,"column":0},"end":{"line":6,"column":16}},"4":{"start":{"line":9,"column":0},"end":{"line":9,"column":67}},"5":{"start":{"line":12,"column":21},"end":{"line":12,"column":53}},"6":{"start":{"line":15,"column":12},"end":{"line":15,"column":21}},"7":{"start":{"line":18,"column":0},"end":{"line":31,"column":2}},"8":{"start":{"line":32,"column":0},"end":{"line":32,"column":24}},"9":{"start":{"line":33,"column":0},"end":{"line":33,"column":48}},"10":{"start":{"line":36,"column":0},"end":{"line":36,"column":38}},"11":{"start":{"line":39,"column":0},"end":{"line":45,"column":3}},"12":{"start":{"line":40,"column":2},"end":{"line":44,"column":5}},"13":{"start":{"line":48,"column":13},"end":{"line":48,"column":37}},"14":{"start":{"line":51,"column":0},"end":{"line":53,"column":3}},"15":{"start":{"line":52,"column":2},"end":{"line":52,"column":48}},"16":{"start":{"line":55,"column":0},"end":{"line":55,"column":21}}},"fnMap":{"0":{"name":"(anonymous_0)","decl":{"start":{"line":39,"column":13},"end":{"line":39,"column":14}},"loc":{"start":{"line":39,"column":27},"end":{"line":45,"column":1}},"line":39},"1":{"name":"(anonymous_1)","decl":{"start":{"line":51,"column":17},"end":{"line":51,"column":18}},"loc":{"start":{"line":51,"column":23},"end":{"line":53,"column":1}},"line":51}},"branchMap":{"0":{"loc":{"start":{"line":48,"column":13},"end":{"line":48,"column":37}},"type":"binary-expr","locations":[{"start":{"line":48,"column":13},"end":{"line":48,"column":29}},{"start":{"line":48,"column":33},"end":{"line":48,"column":37}}],"line":48}},"s":{"0":3,"1":3,"2":3,"3":3,"4":3,"5":3,"6":3,"7":3,"8":3,"9":3,"10":3,"11":3,"12":1,"13":3,"14":3,"15":3,"16":3},"f":{"0":1,"1":3},"b":{"0":[3,0]},"_coverageSchema":"1a1c01bbd47fc00a2c39e90264f33305004495a9","hash":"828a136f4cedf2d3fa28a7a3433a46e49d53cf7e"}
,"D:\\vendor-api\\src\\config\\db.js": {"path":"D:\\vendor-api\\src\\config\\db.js","statementMap":{"0":{"start":{"line":1,"column":17},"end":{"line":1,"column":30}},"1":{"start":{"line":2,"column":0},"end":{"line":2,"column":27}},"2":{"start":{"line":4,"column":13},"end":{"line":13,"column":2}},"3":{"start":{"line":16,"column":0},"end":{"line":23,"column":3}},"4":{"start":{"line":17,"column":2},"end":{"line":22,"column":3}},"5":{"start":{"line":18,"column":4},"end":{"line":18,"column":60}},"6":{"start":{"line":20,"column":4},"end":{"line":20,"column":58}},"7":{"start":{"line":21,"column":4},"end":{"line":21,"column":11}},"8":{"start":{"line":25,"column":0},"end":{"line":25,"column":22}}},"fnMap":{"0":{"name":"(anonymous_0)","decl":{"start":{"line":16,"column":13},"end":{"line":16,"column":14}},"loc":{"start":{"line":16,"column":36},"end":{"line":23,"column":1}},"line":16}},"branchMap":{"0":{"loc":{"start":{"line":17,"column":2},"end":{"line":22,"column":3}},"type":"if","locations":[{"start":{"line":17,"column":2},"end":{"line":22,"column":3}},{"start":{"line":19,"column":9},"end":{"line":22,"column":3}}],"line":17}},"s":{"0":1,"1":1,"2":1,"3":1,"4":0,"5":0,"6":0,"7":0,"8":1},"f":{"0":0},"b":{"0":[0,0]},"_coverageSchema":"1a1c01bbd47fc00a2c39e90264f33305004495a9","hash":"fd81ac8066da3ae5c78d5d240f3e9cd60bf027c4"}
,"D:\\vendor-api\\src\\config\\inMemoryDb.js": {"path":"D:\\vendor-api\\src\\config\\inMemoryDb.js","statementMap":{"0":{"start":{"line":2,"column":19},"end":{"line":89,"column":1}},"1":{"start":{"line":45,"column":6},"end":{"line":45,"column":78}},"2":{"start":{"line":45,"column":68},"end":{"line":45,"column":72}},"3":{"start":{"line":46,"column":4},"end":{"line":46,"column":21}},"4":{"start":{"line":50,"column":4},"end":{"line":50,"column":29}},"5":{"start":{"line":54,"column":4},"end":{"line":54,"column":65}},"6":{"start":{"line":54,"column":36},"end":{"line":54,"column":55}},"7":{"start":{"line":58,"column":22},"end":{"line":62,"column":5}},"8":{"start":{"line":63,"column":4},"end":{"line":63,"column":33}},"9":{"start":{"line":64,"column":4},"end":{"line":64,"column":21}},"10":{"start":{"line":68,"column":18},"end":{"line":68,"column":68}},"11":{"start":{"line":68,"column":48},"end":{"line":68,"column":67}},"12":{"start":{"line":69,"column":4},"end":{"line":69,"column":34}},"13":{"start":{"line":69,"column":22},"end":{"line":69,"column":34}},"14":{"start":{"line":71,"column":26},"end":{"line":75,"column":5}},"15":{"start":{"line":77,"column":4},"end":{"line":77,"column":40}},"16":{"start":{"line":78,"column":4},"end":{"line":78,"column":25}},"17":{"start":{"line":82,"column":18},"end":{"line":82,"column":68}},"18":{"start":{"line":82,"column":48},"end":{"line":82,"column":67}},"19":{"start":{"line":83,"column":4},"end":{"line":83,"column":34}},"20":{"start":{"line":83,"column":22},"end":{"line":83,"column":34}},"21":{"start":{"line":85,"column":26},"end":{"line":85,"column":45}},"22":{"start":{"line":86,"column":4},"end":{"line":86,"column":34}},"23":{"start":{"line":87,"column":4},"end":{"line":87,"column":25}},"24":{"start":{"line":91,"column":0},"end":{"line":91,"column":28}}},"fnMap":{"0":{"name":"(anonymous_0)","decl":{"start":{"line":43,"column":2},"end":{"line":43,"column":3}},"loc":{"start":{"line":43,"column":14},"end":{"line":47,"column":3}},"line":43},"1":{"name":"(anonymous_1)","decl":{"start":{"line":45,"column":61},"end":{"line":45,"column":62}},"loc":{"start":{"line":45,"column":68},"end":{"line":45,"column":72}},"line":45},"2":{"name":"(anonymous_2)","decl":{"start":{"line":49,"column":2},"end":{"line":49,"column":3}},"loc":{"start":{"line":49,"column":18},"end":{"line":51,"column":3}},"line":49},"3":{"name":"(anonymous_3)","decl":{"start":{"line":53,"column":2},"end":{"line":53,"column":3}},"loc":{"start":{"line":53,"column":20},"end":{"line":55,"column":3}},"line":53},"4":{"name":"(anonymous_4)","decl":{"start":{"line":54,"column":29},"end":{"line":54,"column":30}},"loc":{"start":{"line":54,"column":36},"end":{"line":54,"column":55}},"line":54},"5":{"name":"(anonymous_5)","decl":{"start":{"line":57,"column":2},"end":{"line":57,"column":3}},"loc":{"start":{"line":57,"column":24},"end":{"line":65,"column":3}},"line":57},"6":{"name":"(anonymous_6)","decl":{"start":{"line":67,"column":2},"end":{"line":67,"column":3}},"loc":{"start":{"line":67,"column":31},"end":{"line":79,"column":3}},"line":67},"7":{"name":"(anonymous_7)","decl":{"start":{"line":68,"column":41},"end":{"line":68,"column":42}},"loc":{"start":{"line":68,"column":48},"end":{"line":68,"column":67}},"line":68},"8":{"name":"(anonymous_8)","decl":{"start":{"line":81,"column":2},"end":{"line":81,"column":3}},"loc":{"start":{"line":81,"column":19},"end":{"line":88,"column":3}},"line":81},"9":{"name":"(anonymous_9)","decl":{"start":{"line":82,"column":41},"end":{"line":82,"column":42}},"loc":{"start":{"line":82,"column":48},"end":{"line":82,"column":67}},"line":82}},"branchMap":{"0":{"loc":{"start":{"line":45,"column":6},"end":{"line":45,"column":78}},"type":"cond-expr","locations":[{"start":{"line":45,"column":32},"end":{"line":45,"column":74}},{"start":{"line":45,"column":77},"end":{"line":45,"column":78}}],"line":45},"1":{"loc":{"start":{"line":54,"column":11},"end":{"line":54,"column":64}},"type":"binary-expr","locations":[{"start":{"line":54,"column":11},"end":{"line":54,"column":56}},{"start":{"line":54,"column":60},"end":{"line":54,"column":64}}],"line":54},"2":{"loc":{"start":{"line":69,"column":4},"end":{"line":69,"column":34}},"type":"if","locations":[{"start":{"line":69,"column":4},"end":{"line":69,"column":34}},{"start":{},"end":{}}],"line":69},"3":{"loc":{"start":{"line":83,"column":4},"end":{"line":83,"column":34}},"type":"if","locations":[{"start":{"line":83,"column":4},"end":{"line":83,"column":34}},{"start":{},"end":{}}],"line":83}},"s":{"0":3,"1":4,"2":13,"3":4,"4":1,"5":3,"6":8,"7":1,"8":1,"9":1,"10":2,"11":5,"12":2,"13":1,"14":1,"15":1,"16":1,"17":2,"18":4,"19":2,"20":1,"21":1,"22":1,"23":1,"24":3},"f":{"0":4,"1":13,"2":1,"3":3,"4":8,"5":1,"6":2,"7":5,"8":2,"9":4},"b":{"0":[3,1],"1":[3,2],"2":[1,1],"3":[1,1]},"_coverageSchema":"1a1c01bbd47fc00a2c39e90264f33305004495a9","hash":"07ea5d41c73aac2a9bf2ed5a0fd9bd99b62af520"}
,"D:\\vendor-api\\src\\config\\seedDb.js": {"path":"D:\\vendor-api\\src\\config\\seedDb.js","statementMap":{"0":{"start":{"line":1,"column":13},"end":{"line":1,"column":28}},"1":{"start":{"line":3,"column":21},"end":{"line":67,"column":1}},"2":{"start":{"line":4,"column":2},"end":{"line":66,"column":3}},"3":{"start":{"line":6,"column":4},"end":{"line":18,"column":7}},"4":{"start":{"line":21,"column":26},"end":{"line":43,"column":5}},"5":{"start":{"line":46,"column":4},"end":{"line":61,"column":5}},"6":{"start":{"line":47,"column":6},"end":{"line":60,"column":8}},"7":{"start":{"line":63,"column":4},"end":{"line":63,"column":53}},"8":{"start":{"line":65,"column":4},"end":{"line":65,"column":52}},"9":{"start":{"line":69,"column":0},"end":{"line":69,"column":15}}},"fnMap":{"0":{"name":"(anonymous_0)","decl":{"start":{"line":3,"column":21},"end":{"line":3,"column":22}},"loc":{"start":{"line":3,"column":33},"end":{"line":67,"column":1}},"line":3}},"branchMap":{},"s":{"0":0,"1":0,"2":0,"3":0,"4":0,"5":0,"6":0,"7":0,"8":0,"9":0},"f":{"0":0},"b":{}}
,"D:\\vendor-api\\src\\config\\setupDb.js": {"path":"D:\\vendor-api\\src\\config\\setupDb.js","statementMap":{"0":{"start":{"line":1,"column":13},"end":{"line":1,"column":28}},"1":{"start":{"line":3,"column":21},"end":{"line":48,"column":1}},"2":{"start":{"line":4,"column":2},"end":{"line":47,"column":3}},"3":{"start":{"line":6,"column":4},"end":{"line":18,"column":7}},"4":{"start":{"line":21,"column":4},"end":{"line":31,"column":7}},"5":{"start":{"line":34,"column":4},"end":{"line":42,"column":7}},"6":{"start":{"line":44,"column":4},"end":{"line":44,"column":51}},"7":{"start":{"line":46,"column":4},"end":{"line":46,"column":51}},"8":{"start":{"line":50,"column":0},"end":{"line":50,"column":15}},"9":{"start":{"line":52,"column":0},"end":{"line":52,"column":34}}},"fnMap":{"0":{"name":"(anonymous_0)","decl":{"start":{"line":3,"column":21},"end":{"line":3,"column":22}},"loc":{"start":{"line":3,"column":33},"end":{"line":48,"column":1}},"line":3}},"branchMap":{},"s":{"0":0,"1":0,"2":0,"3":0,"4":0,"5":0,"6":0,"7":0,"8":0,"9":0},"f":{"0":0},"b":{}}
,"D:\\vendor-api\\src\\controllers\\vendorController.js": {"path":"D:\\vendor-api\\src\\controllers\\vendorController.js","statementMap":{"0":{"start":{"line":1,"column":15},"end":{"line":1,"column":42}},"1":{"start":{"line":7,"column":4},"end":{"line":24,"column":5}},"2":{"start":{"line":9,"column":21},"end":{"line":9,"column":33}},"3":{"start":{"line":10,"column":20},"end":{"line":10,"column":36}},"4":{"start":{"line":12,"column":22},"end":{"line":12,"column":56}},"5":{"start":{"line":13,"column":6},"end":{"line":17,"column":9}},"6":{"start":{"line":19,"column":6},"end":{"line":19,"column":54}},"7":{"start":{"line":20,"column":6},"end":{"line":23,"column":9}},"8":{"start":{"line":29,"column":4},"end":{"line":55,"column":5}},"9":{"start":{"line":30,"column":17},"end":{"line":30,"column":40}},"10":{"start":{"line":33,"column":21},"end":{"line":33,"column":33}},"11":{"start":{"line":34,"column":20},"end":{"line":34,"column":36}},"12":{"start":{"line":36,"column":21},"end":{"line":36,"column":60}},"13":{"start":{"line":38,"column":6},"end":{"line":43,"column":7}},"14":{"start":{"line":39,"column":8},"end":{"line":42,"column":11}},"15":{"start":{"line":45,"column":6},"end":{"line":48,"column":9}},"16":{"start":{"line":50,"column":6},"end":{"line":50,"column":59}},"17":{"start":{"line":51,"column":6},"end":{"line":54,"column":9}},"18":{"start":{"line":60,"column":4},"end":{"line":90,"column":5}},"19":{"start":{"line":61,"column":71},"end":{"line":61,"column":79}},"20":{"start":{"line":64,"column":6},"end":{"line":69,"column":7}},"21":{"start":{"line":65,"column":8},"end":{"line":68,"column":11}},"22":{"start":{"line":72,"column":25},"end":{"line":76,"column":7}},"23":{"start":{"line":78,"column":24},"end":{"line":78,"column":55}},"24":{"start":{"line":80,"column":6},"end":{"line":83,"column":9}},"25":{"start":{"line":85,"column":6},"end":{"line":85,"column":53}},"26":{"start":{"line":86,"column":6},"end":{"line":89,"column":9}},"27":{"start":{"line":95,"column":4},"end":{"line":126,"column":5}},"28":{"start":{"line":96,"column":17},"end":{"line":96,"column":40}},"29":{"start":{"line":99,"column":21},"end":{"line":99,"column":33}},"30":{"start":{"line":100,"column":20},"end":{"line":100,"column":36}},"31":{"start":{"line":103,"column":29},"end":{"line":103,"column":68}},"32":{"start":{"line":105,"column":6},"end":{"line":111,"column":7}},"33":{"start":{"line":106,"column":8},"end":{"line":110,"column":11}},"34":{"start":{"line":114,"column":28},"end":{"line":114,"column":76}},"35":{"start":{"line":116,"column":6},"end":{"line":119,"column":9}},"36":{"start":{"line":121,"column":6},"end":{"line":121,"column":53}},"37":{"start":{"line":122,"column":6},"end":{"line":125,"column":9}},"38":{"start":{"line":131,"column":4},"end":{"line":163,"column":5}},"39":{"start":{"line":132,"column":17},"end":{"line":132,"column":40}},"40":{"start":{"line":135,"column":21},"end":{"line":135,"column":33}},"41":{"start":{"line":136,"column":20},"end":{"line":136,"column":36}},"42":{"start":{"line":139,"column":29},"end":{"line":139,"column":68}},"43":{"start":{"line":141,"column":6},"end":{"line":147,"column":7}},"44":{"start":{"line":142,"column":8},"end":{"line":146,"column":11}},"45":{"start":{"line":150,"column":6},"end":{"line":150,"column":45}},"46":{"start":{"line":152,"column":6},"end":{"line":156,"column":9}},"47":{"start":{"line":158,"column":6},"end":{"line":158,"column":53}},"48":{"start":{"line":159,"column":6},"end":{"line":162,"column":9}},"49":{"start":{"line":167,"column":0},"end":{"line":167,"column":40}}},"fnMap":{"0":{"name":"(anonymous_0)","decl":{"start":{"line":6,"column":2},"end":{"line":6,"column":3}},"loc":{"start":{"line":6,"column":32},"end":{"line":25,"column":3}},"line":6},"1":{"name":"(anonymous_1)","decl":{"start":{"line":28,"column":2},"end":{"line":28,"column":3}},"loc":{"start":{"line":28,"column":32},"end":{"line":56,"column":3}},"line":28},"2":{"name":"(anonymous_2)","decl":{"start":{"line":59,"column":2},"end":{"line":59,"column":3}},"loc":{"start":{"line":59,"column":31},"end":{"line":91,"column":3}},"line":59},"3":{"name":"(anonymous_3)","decl":{"start":{"line":94,"column":2},"end":{"line":94,"column":3}},"loc":{"start":{"line":94,"column":31},"end":{"line":127,"column":3}},"line":94},"4":{"name":"(anonymous_4)","decl":{"start":{"line":130,"column":2},"end":{"line":130,"column":3}},"loc":{"start":{"line":130,"column":31},"end":{"line":164,"column":3}},"line":130}},"branchMap":{"0":{"loc":{"start":{"line":38,"column":6},"end":{"line":43,"column":7}},"type":"if","locations":[{"start":{"line":38,"column":6},"end":{"line":43,"column":7}},{"start":{},"end":{}}],"line":38},"1":{"loc":{"start":{"line":64,"column":6},"end":{"line":69,"column":7}},"type":"if","locations":[{"start":{"line":64,"column":6},"end":{"line":69,"column":7}},{"start":{},"end":{}}],"line":64},"2":{"loc":{"start":{"line":64,"column":10},"end":{"line":64,"column":28}},"type":"binary-expr","locations":[{"start":{"line":64,"column":10},"end":{"line":64,"column":15}},{"start":{"line":64,"column":19},"end":{"line":64,"column":28}}],"line":64},"3":{"loc":{"start":{"line":105,"column":6},"end":{"line":111,"column":7}},"type":"if","locations":[{"start":{"line":105,"column":6},"end":{"line":111,"column":7}},{"start":{},"end":{}}],"line":105},"4":{"loc":{"start":{"line":141,"column":6},"end":{"line":147,"column":7}},"type":"if","locations":[{"start":{"line":141,"column":6},"end":{"line":147,"column":7}},{"start":{},"end":{}}],"line":141}},"s":{"0":4,"1":6,"2":6,"3":6,"4":6,"5":5,"6":1,"7":1,"8":13,"9":13,"10":13,"11":13,"12":13,"13":12,"14":7,"15":5,"16":1,"17":1,"18":10,"19":10,"20":10,"21":3,"22":7,"23":7,"24":6,"25":1,"26":1,"27":8,"28":8,"29":8,"30":8,"31":8,"32":8,"33":4,"34":4,"35":3,"36":1,"37":1,"38":8,"39":8,"40":8,"41":8,"42":8,"43":8,"44":4,"45":4,"46":3,"47":1,"48":1,"49":4},"f":{"0":6,"1":13,"2":10,"3":8,"4":8},"b":{"0":[7,5],"1":[3,7],"2":[10,10],"3":[4,4],"4":[4,4]},"_coverageSchema":"1a1c01bbd47fc00a2c39e90264f33305004495a9","hash":"aff7ad21cdde49c3d078d81832945adb87083eb2"}
,"D:\\vendor-api\\src\\middleware\\auth.js": {"path":"D:\\vendor-api\\src\\middleware\\auth.js","statementMap":{"0":{"start":{"line":1,"column":12},"end":{"line":1,"column":35}},"1":{"start":{"line":2,"column":0},"end":{"line":2,"column":27}},"2":{"start":{"line":5,"column":13},"end":{"line":54,"column":1}},"3":{"start":{"line":6,"column":2},"end":{"line":53,"column":3}},"4":{"start":{"line":8,"column":23},"end":{"line":8,"column":50}},"5":{"start":{"line":9,"column":18},"end":{"line":9,"column":56}},"6":{"start":{"line":11,"column":4},"end":{"line":25,"column":5}},"7":{"start":{"line":15,"column":6},"end":{"line":15,"column":22}},"8":{"start":{"line":16,"column":6},"end":{"line":16,"column":20}},"9":{"start":{"line":28,"column":4},"end":{"line":46,"column":5}},"10":{"start":{"line":29,"column":22},"end":{"line":29,"column":63}},"11":{"start":{"line":31,"column":6},"end":{"line":31,"column":30}},"12":{"start":{"line":32,"column":6},"end":{"line":32,"column":13}},"13":{"start":{"line":36,"column":6},"end":{"line":36,"column":22}},"14":{"start":{"line":37,"column":6},"end":{"line":37,"column":13}},"15":{"start":{"line":48,"column":4},"end":{"line":48,"column":52}},"16":{"start":{"line":49,"column":4},"end":{"line":52,"column":7}},"17":{"start":{"line":56,"column":0},"end":{"line":56,"column":22}}},"fnMap":{"0":{"name":"(anonymous_0)","decl":{"start":{"line":5,"column":13},"end":{"line":5,"column":14}},"loc":{"start":{"line":5,"column":33},"end":{"line":54,"column":1}},"line":5}},"branchMap":{"0":{"loc":{"start":{"line":9,"column":18},"end":{"line":9,"column":56}},"type":"binary-expr","locations":[{"start":{"line":9,"column":18},"end":{"line":9,"column":28}},{"start":{"line":9,"column":32},"end":{"line":9,"column":56}}],"line":9},"1":{"loc":{"start":{"line":11,"column":4},"end":{"line":25,"column":5}},"type":"if","locations":[{"start":{"line":11,"column":4},"end":{"line":25,"column":5}},{"start":{},"end":{}}],"line":11}},"s":{"0":4,"1":4,"2":4,"3":35,"4":35,"5":34,"6":34,"7":13,"8":13,"9":21,"10":21,"11":20,"12":20,"13":1,"14":1,"15":1,"16":1,"17":4},"f":{"0":35},"b":{"0":[34,21],"1":[13,21]},"_coverageSchema":"1a1c01bbd47fc00a2c39e90264f33305004495a9","hash":"c0a401c8f976f51380463cce4efc6bd4859d940d"}
,"D:\\vendor-api\\src\\models\\user.js": {"path":"D:\\vendor-api\\src\\models\\user.js","statementMap":{"0":{"start":{"line":1,"column":13},"end":{"line":1,"column":36}},"1":{"start":{"line":2,"column":12},"end":{"line":2,"column":35}},"2":{"start":{"line":3,"column":0},"end":{"line":3,"column":27}},"3":{"start":{"line":10,"column":4},"end":{"line":27,"column":5}},"4":{"start":{"line":11,"column":54},"end":{"line":11,"column":62}},"5":{"start":{"line":14,"column":20},"end":{"line":19,"column":7}},"6":{"start":{"line":21,"column":21},"end":{"line":21,"column":76}},"7":{"start":{"line":23,"column":23},"end":{"line":23,"column":54}},"8":{"start":{"line":24,"column":6},"end":{"line":24,"column":21}},"9":{"start":{"line":26,"column":6},"end":{"line":26,"column":18}},"10":{"start":{"line":32,"column":4},"end":{"line":38,"column":5}},"11":{"start":{"line":33,"column":20},"end":{"line":33,"column":58}},"12":{"start":{"line":34,"column":23},"end":{"line":34,"column":55}},"13":{"start":{"line":35,"column":6},"end":{"line":35,"column":21}},"14":{"start":{"line":37,"column":6},"end":{"line":37,"column":18}},"15":{"start":{"line":43,"column":4},"end":{"line":49,"column":5}},"16":{"start":{"line":44,"column":20},"end":{"line":44,"column":55}},"17":{"start":{"line":45,"column":23},"end":{"line":45,"column":52}},"18":{"start":{"line":46,"column":6},"end":{"line":46,"column":21}},"19":{"start":{"line":48,"column":6},"end":{"line":48,"column":18}},"20":{"start":{"line":56,"column":20},"end":{"line":64,"column":5}},"21":{"start":{"line":67,"column":4},"end":{"line":71,"column":6}},"22":{"start":{"line":75,"column":0},"end":{"line":75,"column":22}}},"fnMap":{"0":{"name":"(anonymous_0)","decl":{"start":{"line":9,"column":2},"end":{"line":9,"column":3}},"loc":{"start":{"line":9,"column":32},"end":{"line":28,"column":3}},"line":9},"1":{"name":"(anonymous_1)","decl":{"start":{"line":31,"column":2},"end":{"line":31,"column":3}},"loc":{"start":{"line":31,"column":33},"end":{"line":39,"column":3}},"line":31},"2":{"name":"(anonymous_2)","decl":{"start":{"line":42,"column":2},"end":{"line":42,"column":3}},"loc":{"start":{"line":42,"column":27},"end":{"line":50,"column":3}},"line":42},"3":{"name":"(anonymous_3)","decl":{"start":{"line":53,"column":2},"end":{"line":53,"column":3}},"loc":{"start":{"line":53,"column":29},"end":{"line":72,"column":3}},"line":53}},"branchMap":{"0":{"loc":{"start":{"line":21,"column":45},"end":{"line":21,"column":59}},"type":"binary-expr","locations":[{"start":{"line":21,"column":45},"end":{"line":21,"column":49}},{"start":{"line":21,"column":53},"end":{"line":21,"column":59}}],"line":21},"1":{"loc":{"start":{"line":21,"column":61},"end":{"line":21,"column":75}},"type":"binary-expr","locations":[{"start":{"line":21,"column":61},"end":{"line":21,"column":67}},{"start":{"line":21,"column":71},"end":{"line":21,"column":75}}],"line":21}},"s":{"0":1,"1":1,"2":1,"3":0,"4":0,"5":0,"6":0,"7":0,"8":0,"9":0,"10":0,"11":0,"12":0,"13":0,"14":0,"15":0,"16":0,"17":0,"18":0,"19":0,"20":2,"21":2,"22":1},"f":{"0":0,"1":0,"2":0,"3":2},"b":{"0":[0,0],"1":[0,0]},"_coverageSchema":"1a1c01bbd47fc00a2c39e90264f33305004495a9","hash":"7723bb237c4c25258b51e56ff37a9bd7b0e3101b"}
,"D:\\vendor-api\\src\\models\\vendor.js": {"path":"D:\\vendor-api\\src\\models\\vendor.js","statementMap":{"0":{"start":{"line":3,"column":19},"end":{"line":3,"column":50}},"1":{"start":{"line":9,"column":4},"end":{"line":27,"column":5}},"2":{"start":{"line":11,"column":20},"end":{"line":11,"column":46}},"3":{"start":{"line":14,"column":6},"end":{"line":21,"column":7}},"4":{"start":{"line":15,"column":8},"end":{"line":20,"column":11}},"5":{"start":{"line":16,"column":22},"end":{"line":16,"column":26}},"6":{"start":{"line":17,"column":10},"end":{"line":17,"column":65}},"7":{"start":{"line":17,"column":22},"end":{"line":17,"column":65}},"8":{"start":{"line":18,"column":10},"end":{"line":18,"column":62}},"9":{"start":{"line":18,"column":21},"end":{"line":18,"column":62}},"10":{"start":{"line":19,"column":10},"end":{"line":19,"column":23}},"11":{"start":{"line":22,"column":6},"end":{"line":22,"column":78}},"12":{"start":{"line":22,"column":29},"end":{"line":22,"column":76}},"13":{"start":{"line":24,"column":6},"end":{"line":24,"column":21}},"14":{"start":{"line":26,"column":6},"end":{"line":26,"column":18}},"15":{"start":{"line":32,"column":4},"end":{"line":46,"column":5}},"16":{"start":{"line":34,"column":21},"end":{"line":34,"column":49}},"17":{"start":{"line":37,"column":6},"end":{"line":37,"column":31}},"18":{"start":{"line":37,"column":19},"end":{"line":37,"column":31}},"19":{"start":{"line":40,"column":6},"end":{"line":40,"column":59}},"20":{"start":{"line":40,"column":47},"end":{"line":40,"column":59}},"21":{"start":{"line":41,"column":6},"end":{"line":41,"column":56}},"22":{"start":{"line":41,"column":44},"end":{"line":41,"column":56}},"23":{"start":{"line":43,"column":6},"end":{"line":43,"column":20}},"24":{"start":{"line":45,"column":6},"end":{"line":45,"column":18}},"25":{"start":{"line":51,"column":4},"end":{"line":66,"column":5}},"26":{"start":{"line":53,"column":24},"end":{"line":61,"column":8}},"27":{"start":{"line":63,"column":6},"end":{"line":63,"column":23}},"28":{"start":{"line":65,"column":6},"end":{"line":65,"column":18}},"29":{"start":{"line":71,"column":4},"end":{"line":92,"column":5}},"30":{"start":{"line":73,"column":29},"end":{"line":73,"column":66}},"31":{"start":{"line":74,"column":6},"end":{"line":74,"column":39}},"32":{"start":{"line":74,"column":27},"end":{"line":74,"column":39}},"33":{"start":{"line":75,"column":27},"end":{"line":75,"column":29}},"34":{"start":{"line":76,"column":6},"end":{"line":76,"column":77}},"35":{"start":{"line":76,"column":41},"end":{"line":76,"column":77}},"36":{"start":{"line":77,"column":6},"end":{"line":78,"column":52}},"37":{"start":{"line":78,"column":8},"end":{"line":78,"column":52}},"38":{"start":{"line":79,"column":6},"end":{"line":80,"column":62}},"39":{"start":{"line":80,"column":8},"end":{"line":80,"column":62}},"40":{"start":{"line":81,"column":6},"end":{"line":82,"column":60}},"41":{"start":{"line":82,"column":8},"end":{"line":82,"column":60}},"42":{"start":{"line":83,"column":6},"end":{"line":84,"column":50}},"43":{"start":{"line":84,"column":8},"end":{"line":84,"column":50}},"44":{"start":{"line":87,"column":28},"end":{"line":87,"column":69}},"45":{"start":{"line":89,"column":6},"end":{"line":89,"column":27}},"46":{"start":{"line":91,"column":6},"end":{"line":91,"column":18}},"47":{"start":{"line":97,"column":4},"end":{"line":108,"column":5}},"48":{"start":{"line":99,"column":29},"end":{"line":99,"column":66}},"49":{"start":{"line":100,"column":6},"end":{"line":100,"column":39}},"50":{"start":{"line":100,"column":27},"end":{"line":100,"column":39}},"51":{"start":{"line":103,"column":28},"end":{"line":103,"column":55}},"52":{"start":{"line":105,"column":6},"end":{"line":105,"column":27}},"53":{"start":{"line":107,"column":6},"end":{"line":107,"column":18}},"54":{"start":{"line":112,"column":0},"end":{"line":112,"column":24}}},"fnMap":{"0":{"name":"(anonymous_0)","decl":{"start":{"line":8,"column":2},"end":{"line":8,"column":3}},"loc":{"start":{"line":8,"column":51},"end":{"line":28,"column":3}},"line":8},"1":{"name":"(anonymous_1)","decl":{"start":{"line":15,"column":33},"end":{"line":15,"column":34}},"loc":{"start":{"line":15,"column":45},"end":{"line":20,"column":9}},"line":15},"2":{"name":"(anonymous_2)","decl":{"start":{"line":22,"column":19},"end":{"line":22,"column":20}},"loc":{"start":{"line":22,"column":29},"end":{"line":22,"column":76}},"line":22},"3":{"name":"(anonymous_3)","decl":{"start":{"line":31,"column":2},"end":{"line":31,"column":3}},"loc":{"start":{"line":31,"column":56},"end":{"line":47,"column":3}},"line":31},"4":{"name":"(anonymous_4)","decl":{"start":{"line":50,"column":2},"end":{"line":50,"column":3}},"loc":{"start":{"line":50,"column":34},"end":{"line":67,"column":3}},"line":50},"5":{"name":"(anonymous_5)","decl":{"start":{"line":70,"column":2},"end":{"line":70,"column":3}},"loc":{"start":{"line":70,"column":67},"end":{"line":93,"column":3}},"line":70},"6":{"name":"(anonymous_6)","decl":{"start":{"line":96,"column":2},"end":{"line":96,"column":3}},"loc":{"start":{"line":96,"column":55},"end":{"line":109,"column":3}},"line":96}},"branchMap":{"0":{"loc":{"start":{"line":8,"column":22},"end":{"line":8,"column":35}},"type":"default-arg","locations":[{"start":{"line":8,"column":31},"end":{"line":8,"column":35}}],"line":8},"1":{"loc":{"start":{"line":8,"column":37},"end":{"line":8,"column":49}},"type":"default-arg","locations":[{"start":{"line":8,"column":45},"end":{"line":8,"column":49}}],"line":8},"2":{"loc":{"start":{"line":14,"column":6},"end":{"line":21,"column":7}},"type":"if","locations":[{"start":{"line":14,"column":6},"end":{"line":21,"column":7}},{"start":{},"end":{}}],"line":14},"3":{"loc":{"start":{"line":14,"column":10},"end":{"line":14,"column":25}},"type":"binary-expr","locations":[{"start":{"line":14,"column":10},"end":{"line":14,"column":16}},{"start":{"line":14,"column":20},"end":{"line":14,"column":25}}],"line":14},"4":{"loc":{"start":{"line":17,"column":10},"end":{"line":17,"column":65}},"type":"if","locations":[{"start":{"line":17,"column":10},"end":{"line":17,"column":65}},{"start":{},"end":{}}],"line":17},"5":{"loc":{"start":{"line":17,"column":30},"end":{"line":17,"column":64}},"type":"binary-expr","locations":[{"start":{"line":17,"column":30},"end":{"line":17,"column":35}},{"start":{"line":17,"column":39},"end":{"line":17,"column":64}}],"line":17},"6":{"loc":{"start":{"line":18,"column":10},"end":{"line":18,"column":62}},"type":"if","locations":[{"start":{"line":18,"column":10},"end":{"line":18,"column":62}},{"start":{},"end":{}}],"line":18},"7":{"loc":{"start":{"line":18,"column":29},"end":{"line":18,"column":61}},"type":"binary-expr","locations":[{"start":{"line":18,"column":29},"end":{"line":18,"column":34}},{"start":{"line":18,"column":38},"end":{"line":18,"column":61}}],"line":18},"8":{"loc":{"start":{"line":31,"column":27},"end":{"line":31,"column":40}},"type":"default-arg","locations":[{"start":{"line":31,"column":36},"end":{"line":31,"column":40}}],"line":31},"9":{"loc":{"start":{"line":31,"column":42},"end":{"line":31,"column":54}},"type":"default-arg","locations":[{"start":{"line":31,"column":50},"end":{"line":31,"column":54}}],"line":31},"10":{"loc":{"start":{"line":37,"column":6},"end":{"line":37,"column":31}},"type":"if","locations":[{"start":{"line":37,"column":6},"end":{"line":37,"column":31}},{"start":{},"end":{}}],"line":37},"11":{"loc":{"start":{"line":40,"column":6},"end":{"line":40,"column":59}},"type":"if","locations":[{"start":{"line":40,"column":6},"end":{"line":40,"column":59}},{"start":{},"end":{}}],"line":40},"12":{"loc":{"start":{"line":40,"column":10},"end":{"line":40,"column":45}},"type":"binary-expr","locations":[{"start":{"line":40,"column":10},"end":{"line":40,"column":16}},{"start":{"line":40,"column":20},"end":{"line":40,"column":45}}],"line":40},"13":{"loc":{"start":{"line":41,"column":6},"end":{"line":41,"column":56}},"type":"if","locations":[{"start":{"line":41,"column":6},"end":{"line":41,"column":56}},{"start":{},"end":{}}],"line":41},"14":{"loc":{"start":{"line":41,"column":10},"end":{"line":41,"column":42}},"type":"binary-expr","locations":[{"start":{"line":41,"column":10},"end":{"line":41,"column":15}},{"start":{"line":41,"column":19},"end":{"line":41,"column":42}}],"line":41},"15":{"loc":{"start":{"line":59,"column":17},"end":{"line":59,"column":43}},"type":"binary-expr","locations":[{"start":{"line":59,"column":17},"end":{"line":59,"column":35}},{"start":{"line":59,"column":39},"end":{"line":59,"column":43}}],"line":59},"16":{"loc":{"start":{"line":60,"column":16},"end":{"line":60,"column":41}},"type":"binary-expr","locations":[{"start":{"line":60,"column":16},"end":{"line":60,"column":33}},{"start":{"line":60,"column":37},"end":{"line":60,"column":41}}],"line":60},"17":{"loc":{"start":{"line":70,"column":38},"end":{"line":70,"column":51}},"type":"default-arg","locations":[{"start":{"line":70,"column":47},"end":{"line":70,"column":51}}],"line":70},"18":{"loc":{"start":{"line":70,"column":53},"end":{"line":70,"column":65}},"type":"default-arg","locations":[{"start":{"line":70,"column":61},"end":{"line":70,"column":65}}],"line":70},"19":{"loc":{"start":{"line":74,"column":6},"end":{"line":74,"column":39}},"type":"if","locations":[{"start":{"line":74,"column":6},"end":{"line":74,"column":39}},{"start":{},"end":{}}],"line":74},"20":{"loc":{"start":{"line":76,"column":6},"end":{"line":76,"column":77}},"type":"if","locations":[{"start":{"line":76,"column":6},"end":{"line":76,"column":77}},{"start":{},"end":{}}],"line":76},"21":{"loc":{"start":{"line":77,"column":6},"end":{"line":78,"column":52}},"type":"if","locations":[{"start":{"line":77,"column":6},"end":{"line":78,"column":52}},{"start":{},"end":{}}],"line":77},"22":{"loc":{"start":{"line":79,"column":6},"end":{"line":80,"column":62}},"type":"if","locations":[{"start":{"line":79,"column":6},"end":{"line":80,"column":62}},{"start":{},"end":{}}],"line":79},"23":{"loc":{"start":{"line":81,"column":6},"end":{"line":82,"column":60}},"type":"if","locations":[{"start":{"line":81,"column":6},"end":{"line":82,"column":60}},{"start":{},"end":{}}],"line":81},"24":{"loc":{"start":{"line":83,"column":6},"end":{"line":84,"column":50}},"type":"if","locations":[{"start":{"line":83,"column":6},"end":{"line":84,"column":50}},{"start":{},"end":{}}],"line":83},"25":{"loc":{"start":{"line":96,"column":26},"end":{"line":96,"column":39}},"type":"default-arg","locations":[{"start":{"line":96,"column":35},"end":{"line":96,"column":39}}],"line":96},"26":{"loc":{"start":{"line":96,"column":41},"end":{"line":96,"column":53}},"type":"default-arg","locations":[{"start":{"line":96,"column":49},"end":{"line":96,"column":53}}],"line":96},"27":{"loc":{"start":{"line":100,"column":6},"end":{"line":100,"column":39}},"type":"if","locations":[{"start":{"line":100,"column":6},"end":{"line":100,"column":39}},{"start":{},"end":{}}],"line":100}},"s":{"0":5,"1":11,"2":11,"3":11,"4":7,"5":24,"6":24,"7":21,"8":24,"9":18,"10":24,"11":11,"12":17,"13":11,"14":0,"15":35,"16":35,"17":35,"18":10,"19":25,"20":9,"21":16,"22":1,"23":15,"24":0,"25":7,"26":7,"27":7,"28":0,"29":5,"30":5,"31":5,"32":2,"33":3,"34":3,"35":3,"36":3,"37":3,"38":3,"39":1,"40":3,"41":0,"42":3,"43":0,"44":3,"45":3,"46":0,"47":5,"48":5,"49":5,"50":2,"51":3,"52":3,"53":0,"54":5},"f":{"0":11,"1":24,"2":17,"3":35,"4":7,"5":5,"6":5},"b":{"0":[4],"1":[6],"2":[7,4],"3":[11,5],"4":[21,3],"5":[21,21],"6":[18,6],"7":[18,13],"8":[11],"9":[12],"10":[10,25],"11":[9,16],"12":[25,18],"13":[1,15],"14":[16,10],"15":[7,2],"16":[7,2],"17":[1],"18":[1],"19":[2,3],"20":[3,0],"21":[3,0],"22":[1,2],"23":[0,3],"24":[0,3],"25":[1],"26":[1],"27":[2,3]},"_coverageSchema":"1a1c01bbd47fc00a2c39e90264f33305004495a9","hash":"f4a92e7f30b5f2210e3d8d01631b849ea14fe343"}
,"D:\\vendor-api\\src\\routes\\vendorRoutes.js": {"path":"D:\\vendor-api\\src\\routes\\vendorRoutes.js","statementMap":{"0":{"start":{"line":1,"column":16},"end":{"line":1,"column":34}},"1":{"start":{"line":2,"column":15},"end":{"line":2,"column":31}},"2":{"start":{"line":3,"column":25},"end":{"line":3,"column":67}},"3":{"start":{"line":4,"column":13},"end":{"line":4,"column":42}},"4":{"start":{"line":8,"column":0},"end":{"line":8,"column":17}},"5":{"start":{"line":12,"column":0},"end":{"line":12,"column":48}},"6":{"start":{"line":16,"column":0},"end":{"line":16,"column":51}},"7":{"start":{"line":20,"column":0},"end":{"line":20,"column":48}},"8":{"start":{"line":24,"column":0},"end":{"line":24,"column":50}},"9":{"start":{"line":28,"column":0},"end":{"line":28,"column":53}},"10":{"start":{"line":30,"column":0},"end":{"line":30,"column":24}}},"fnMap":{},"branchMap":{},"s":{"0":3,"1":3,"2":3,"3":3,"4":3,"5":3,"6":3,"7":3,"8":3,"9":3,"10":3},"f":{},"b":{},"_coverageSchema":"1a1c01bbd47fc00a2c39e90264f33305004495a9","hash":"3dff651137f6e1ce3c190c32e5f6510b6ef76ca8"}
}
