TN:
SF:src\server.js
FN:39,(anonymous_0)
FN:51,(anonymous_1)
FNF:2
FNH:2
FNDA:1,(anonymous_0)
FNDA:3,(anonymous_1)
DA:1,3
DA:2,3
DA:3,3
DA:6,3
DA:9,3
DA:12,3
DA:15,3
DA:18,3
DA:32,3
DA:33,3
DA:36,3
DA:39,3
DA:40,1
DA:48,3
DA:51,3
DA:52,3
DA:55,3
LF:17
LH:17
BRDA:48,0,0,3
BRDA:48,0,1,0
BRF:2
BRH:1
end_of_record
TN:
SF:src\config\db.js
FN:16,(anonymous_0)
FNF:1
FNH:0
FNDA:0,(anonymous_0)
DA:1,1
DA:2,1
DA:4,1
DA:16,1
DA:17,0
DA:18,0
DA:20,0
DA:21,0
DA:25,1
LF:9
LH:5
BRDA:17,0,0,0
BRDA:17,0,1,0
BRF:2
BRH:0
end_of_record
TN:
SF:src\config\inMemoryDb.js
FN:43,(anonymous_0)
FN:45,(anonymous_1)
FN:49,(anonymous_2)
FN:53,(anonymous_3)
FN:54,(anonymous_4)
FN:57,(anonymous_5)
FN:67,(anonymous_6)
FN:68,(anonymous_7)
FN:81,(anonymous_8)
FN:82,(anonymous_9)
FNF:10
FNH:10
FNDA:4,(anonymous_0)
FNDA:13,(anonymous_1)
FNDA:1,(anonymous_2)
FNDA:3,(anonymous_3)
FNDA:8,(anonymous_4)
FNDA:1,(anonymous_5)
FNDA:2,(anonymous_6)
FNDA:5,(anonymous_7)
FNDA:2,(anonymous_8)
FNDA:4,(anonymous_9)
DA:2,3
DA:45,13
DA:46,4
DA:50,1
DA:54,8
DA:58,1
DA:63,1
DA:64,1
DA:68,5
DA:69,2
DA:71,1
DA:77,1
DA:78,1
DA:82,4
DA:83,2
DA:85,1
DA:86,1
DA:87,1
DA:91,3
LF:19
LH:19
BRDA:45,0,0,3
BRDA:45,0,1,1
BRDA:54,1,0,3
BRDA:54,1,1,2
BRDA:69,2,0,1
BRDA:69,2,1,1
BRDA:83,3,0,1
BRDA:83,3,1,1
BRF:8
BRH:8
end_of_record
TN:
SF:src\config\seedDb.js
FN:3,(anonymous_0)
FNF:1
FNH:0
FNDA:0,(anonymous_0)
DA:1,0
DA:3,0
DA:4,0
DA:6,0
DA:21,0
DA:46,0
DA:47,0
DA:63,0
DA:65,0
DA:69,0
LF:10
LH:0
BRF:0
BRH:0
end_of_record
TN:
SF:src\config\setupDb.js
FN:3,(anonymous_0)
FNF:1
FNH:0
FNDA:0,(anonymous_0)
DA:1,0
DA:3,0
DA:4,0
DA:6,0
DA:21,0
DA:34,0
DA:44,0
DA:46,0
DA:50,0
DA:52,0
LF:10
LH:0
BRF:0
BRH:0
end_of_record
TN:
SF:src\controllers\vendorController.js
FN:6,(anonymous_0)
FN:28,(anonymous_1)
FN:59,(anonymous_2)
FN:94,(anonymous_3)
FN:130,(anonymous_4)
FNF:5
FNH:5
FNDA:6,(anonymous_0)
FNDA:13,(anonymous_1)
FNDA:10,(anonymous_2)
FNDA:8,(anonymous_3)
FNDA:8,(anonymous_4)
DA:1,4
DA:7,6
DA:9,6
DA:10,6
DA:12,6
DA:13,5
DA:19,1
DA:20,1
DA:29,13
DA:30,13
DA:33,13
DA:34,13
DA:36,13
DA:38,12
DA:39,7
DA:45,5
DA:50,1
DA:51,1
DA:60,10
DA:61,10
DA:64,10
DA:65,3
DA:72,7
DA:78,7
DA:80,6
DA:85,1
DA:86,1
DA:95,8
DA:96,8
DA:99,8
DA:100,8
DA:103,8
DA:105,8
DA:106,4
DA:114,4
DA:116,3
DA:121,1
DA:122,1
DA:131,8
DA:132,8
DA:135,8
DA:136,8
DA:139,8
DA:141,8
DA:142,4
DA:150,4
DA:152,3
DA:158,1
DA:159,1
DA:167,4
LF:50
LH:50
BRDA:38,0,0,7
BRDA:38,0,1,5
BRDA:64,1,0,3
BRDA:64,1,1,7
BRDA:64,2,0,10
BRDA:64,2,1,10
BRDA:105,3,0,4
BRDA:105,3,1,4
BRDA:141,4,0,4
BRDA:141,4,1,4
BRF:10
BRH:10
end_of_record
TN:
SF:src\middleware\auth.js
FN:5,(anonymous_0)
FNF:1
FNH:1
FNDA:35,(anonymous_0)
DA:1,4
DA:2,4
DA:5,4
DA:6,35
DA:8,35
DA:9,34
DA:11,34
DA:15,13
DA:16,13
DA:28,21
DA:29,21
DA:31,20
DA:32,20
DA:36,1
DA:37,1
DA:48,1
DA:49,1
DA:56,4
LF:18
LH:18
BRDA:9,0,0,34
BRDA:9,0,1,21
BRDA:11,1,0,13
BRDA:11,1,1,21
BRF:4
BRH:4
end_of_record
TN:
SF:src\models\user.js
FN:9,(anonymous_0)
FN:31,(anonymous_1)
FN:42,(anonymous_2)
FN:53,(anonymous_3)
FNF:4
FNH:1
FNDA:0,(anonymous_0)
FNDA:0,(anonymous_1)
FNDA:0,(anonymous_2)
FNDA:2,(anonymous_3)
DA:1,1
DA:2,1
DA:3,1
DA:10,0
DA:11,0
DA:14,0
DA:21,0
DA:23,0
DA:24,0
DA:26,0
DA:32,0
DA:33,0
DA:34,0
DA:35,0
DA:37,0
DA:43,0
DA:44,0
DA:45,0
DA:46,0
DA:48,0
DA:56,2
DA:67,2
DA:75,1
LF:23
LH:6
BRDA:21,0,0,0
BRDA:21,0,1,0
BRDA:21,1,0,0
BRDA:21,1,1,0
BRF:4
BRH:0
end_of_record
TN:
SF:src\models\vendor.js
FN:8,(anonymous_0)
FN:15,(anonymous_1)
FN:22,(anonymous_2)
FN:31,(anonymous_3)
FN:50,(anonymous_4)
FN:70,(anonymous_5)
FN:96,(anonymous_6)
FNF:7
FNH:7
FNDA:11,(anonymous_0)
FNDA:24,(anonymous_1)
FNDA:17,(anonymous_2)
FNDA:35,(anonymous_3)
FNDA:7,(anonymous_4)
FNDA:5,(anonymous_5)
FNDA:5,(anonymous_6)
DA:3,5
DA:9,11
DA:11,11
DA:14,11
DA:15,7
DA:16,24
DA:17,24
DA:18,24
DA:19,24
DA:22,17
DA:24,11
DA:26,0
DA:32,35
DA:34,35
DA:37,35
DA:40,25
DA:41,16
DA:43,15
DA:45,0
DA:51,7
DA:53,7
DA:63,7
DA:65,0
DA:71,5
DA:73,5
DA:74,5
DA:75,3
DA:76,3
DA:77,3
DA:78,3
DA:79,3
DA:80,1
DA:81,3
DA:82,0
DA:83,3
DA:84,0
DA:87,3
DA:89,3
DA:91,0
DA:97,5
DA:99,5
DA:100,5
DA:103,3
DA:105,3
DA:107,0
DA:112,5
LF:46
LH:39
BRDA:8,0,0,4
BRDA:8,1,0,6
BRDA:14,2,0,7
BRDA:14,2,1,4
BRDA:14,3,0,11
BRDA:14,3,1,5
BRDA:17,4,0,21
BRDA:17,4,1,3
BRDA:17,5,0,21
BRDA:17,5,1,21
BRDA:18,6,0,18
BRDA:18,6,1,6
BRDA:18,7,0,18
BRDA:18,7,1,13
BRDA:31,8,0,11
BRDA:31,9,0,12
BRDA:37,10,0,10
BRDA:37,10,1,25
BRDA:40,11,0,9
BRDA:40,11,1,16
BRDA:40,12,0,25
BRDA:40,12,1,18
BRDA:41,13,0,1
BRDA:41,13,1,15
BRDA:41,14,0,16
BRDA:41,14,1,10
BRDA:59,15,0,7
BRDA:59,15,1,2
BRDA:60,16,0,7
BRDA:60,16,1,2
BRDA:70,17,0,1
BRDA:70,18,0,1
BRDA:74,19,0,2
BRDA:74,19,1,3
BRDA:76,20,0,3
BRDA:76,20,1,0
BRDA:77,21,0,3
BRDA:77,21,1,0
BRDA:79,22,0,1
BRDA:79,22,1,2
BRDA:81,23,0,0
BRDA:81,23,1,3
BRDA:83,24,0,0
BRDA:83,24,1,3
BRDA:96,25,0,1
BRDA:96,26,0,1
BRDA:100,27,0,2
BRDA:100,27,1,3
BRF:48
BRH:44
end_of_record
TN:
SF:src\routes\vendorRoutes.js
FNF:0
FNH:0
DA:1,3
DA:2,3
DA:3,3
DA:4,3
DA:8,3
DA:12,3
DA:16,3
DA:20,3
DA:24,3
DA:28,3
DA:30,3
LF:11
LH:11
BRF:0
BRH:0
end_of_record
